<?xml version="1.0" encoding="UTF-8"?>
<!-- Generated by org.testng.reporters.JUnitXMLReporter -->
<testsuite ignored="1" hostname="NAIM" failures="0" tests="1" name="Default test" time="9.074" errors="0" timestamp="2023-09-19T17:42:48 EDT">
  <testcase classname="com.tutorialNinja.functionalTests.Draft" name="liginPage" time="7.307"/>
  <testcase classname="com.tutorialNinja.functionalTests.Draft" name="draft" time="0.0">
    <ignored/>
  </testcase> <!-- draft -->
</testsuite> <!-- Default test -->
