<?xml version="1.0" encoding="UTF-8"?>
<!-- Generated by org.testng.reporters.JUnitXMLReporter -->
<testsuite ignored="1" hostname="NAIM" failures="0" tests="6" name="Test" time="29.564" errors="0" timestamp="2023-09-11T03:54:17 EDT">
  <testcase classname="com.tutorialNinja.functionalTests.Draft2" name="velidateLogoText" time="8.183"/>
  <testcase classname="com.tutorialNinja.functionalTests.Draft" name="velidateLogoText" time="8.335"/>
  <testcase classname="com.tutorialNinja.functionalTests.Draft2" name="velidateLogoText01" time="6.64"/>
  <testcase classname="com.tutorialNinja.functionalTests.Draft" name="velidateLogoText01" time="7.191"/>
  <testcase classname="com.tutorialNinja.functionalTests.Draft2" name="velidateLogoText02" time="7.388"/>
  <testcase classname="com.tutorialNinja.functionalTests.Draft" name="velidateLogoText02" time="13.28"/>
  <testcase classname="com.tutorialNinja.base.InitialComponents" name="@BeforeSuite cleanTestsBed" time="0.0">
    <ignored/>
  </testcase> <!-- @BeforeSuite cleanTestsBed -->
</testsuite> <!-- Test -->
