<?xml version="1.0" encoding="UTF-8"?>
<!-- Generated by org.testng.reporters.JUnitXMLReporter -->
<testsuite ignored="13" hostname="NAIM" failures="0" tests="1" name="Test" time="10.545" errors="0" timestamp="2023-09-25T17:29:40 EDT">
  <testcase classname="com.tutorialNinja.functionalTests.R1dot1_TS002_LoginFunctionality" name="r1dot1_TS002_TC001" time="10.147"/>
  <testcase classname="com.tutorialNinja.functionalTests.Draft" name="readExcelDraft" time="0.0">
    <ignored/>
  </testcase> <!-- readExcelDraft -->
  <testcase classname="com.tutorialNinja.functionalTests.R1dot2_TS006_ProductCompareFunctionality" name="r1dot2_TS006_TC001" time="0.0">
    <ignored/>
  </testcase> <!-- r1dot2_TS006_TC001 -->
  <testcase classname="com.tutorialNinja.functionalTests.R1dot2_TS005_ProductSearchFunctionality" name="r1dot2_TS005_TC001" time="0.0">
    <ignored/>
  </testcase> <!-- r1dot2_TS005_TC001 -->
  <testcase classname="com.tutorialNinja.functionalTests.R1dot1_TS001_RegisterFunctionality" name="r1dot1_TS001_TC003" time="0.0">
    <ignored/>
  </testcase> <!-- r1dot1_TS001_TC003 -->
  <testcase classname="com.tutorialNinja.functionalTests.R1dot1_TS001_RegisterFunctionality" name="r1dot1_TS001_TC028" time="0.0">
    <ignored/>
  </testcase> <!-- r1dot1_TS001_TC028 -->
  <testcase classname="com.tutorialNinja.functionalTests.R1dot1_TS003_LogoutFunctionality" name="r1dot1_TS003_TC001" time="0.0">
    <ignored/>
  </testcase> <!-- r1dot1_TS003_TC001 -->
  <testcase classname="com.tutorialNinja.functionalTests.R1dot1_TS001_RegisterFunctionality" name="r1dot1_TS001_TC001" time="0.0">
    <ignored/>
  </testcase> <!-- r1dot1_TS001_TC001 -->
  <testcase classname="com.tutorialNinja.functionalTests.Draft2" name="velidateLogoText02" time="0.0">
    <ignored/>
  </testcase> <!-- velidateLogoText02 -->
  <testcase classname="com.tutorialNinja.functionalTests.R1dot1_TS001_RegisterFunctionality" name="r1dot1_TS001_TC004" time="0.0">
    <ignored/>
  </testcase> <!-- r1dot1_TS001_TC004 -->
  <testcase classname="com.tutorialNinja.functionalTests.Draft2" name="velidateLogoText01" time="0.0">
    <ignored/>
  </testcase> <!-- velidateLogoText01 -->
  <testcase classname="com.tutorialNinja.functionalTests.Draft2" name="velidateLogoText" time="0.0">
    <ignored/>
  </testcase> <!-- velidateLogoText -->
  <testcase classname="com.tutorialNinja.functionalTests.Draft" name="draftfail" time="0.0">
    <ignored/>
  </testcase> <!-- draftfail -->
  <testcase classname="com.tutorialNinja.functionalTests.Draft" name="liginPagefail" time="0.0">
    <ignored/>
  </testcase> <!-- liginPagefail -->
</testsuite> <!-- Test -->
