<?xml version="1.0" encoding="UTF-8"?>
<!-- Generated by org.testng.reporters.JUnitXMLReporter -->
<testsuite ignored="1" hostname="NAIM" failures="0" tests="4" name="Tutorial Ninja functional Regression Test" time="38.439" errors="0" timestamp="2023-10-23T07:04:00 EDT">
  <testcase classname="com.tutorialNinja.functionalTests.R1dot2_TS005_ProductSearchFunctionality" name="R1dot2_TS005_TC024" time="10.218"/>
  <testcase classname="com.tutorialNinja.functionalTests.R1dot2_TS005_ProductSearchFunctionality" name="R1dot2_TS005_TC024" time="8.448"/>
  <testcase classname="com.tutorialNinja.functionalTests.R1dot2_TS005_ProductSearchFunctionality" name="R1dot2_TS005_TC024" time="8.781"/>
  <testcase classname="com.tutorialNinja.functionalTests.R1dot2_TS005_ProductSearchFunctionality" name="R1dot2_TS005_TC024" time="8.84"/>
  <testcase classname="com.tutorialNinja.functionalTests.R1dot2_TS005_ProductSearchFunctionality" name="r1dot2_TS005_TC001" time="0.0">
    <ignored/>
  </testcase> <!-- r1dot2_TS005_TC001 -->
</testsuite> <!-- Tutorial Ninja functional Regression Test -->
