<?xml version="1.0" encoding="UTF-8"?>
<!-- Generated by org.testng.reporters.JUnitXMLReporter -->
<testsuite ignored="13" hostname="NAIM" failures="3" tests="12" name="TutorialNinja functional negetive Test" time="54.82" errors="0" timestamp="2023-10-20T05:53:28 EDT">
  <testcase classname="com.tutorialNinja.functionalTests.Draft" name="loginPagefail" time="8.633">
    <skipped/>
  </testcase> <!-- loginPagefail -->
  <testcase classname="com.tutorialNinja.functionalTests.R1dot3_TS012_CheckoutFunctionality" name="R1dot3_TS012_TC001" time="11.053"/>
  <testcase classname="com.tutorialNinja.functionalTests.R1dot1_TS002_LoginFunctionality" name="r1dot1_TS002_TC002" time="12.461">
    <skipped/>
  </testcase> <!-- r1dot1_TS002_TC002 -->
  <testcase classname="com.tutorialNinja.functionalTests.R1dot1_TS001_RegisterFunctionality" name="r1dot1_TS001_TC004" time="12.538"/>
  <testcase classname="com.tutorialNinja.functionalTests.Draft" name="loginPagefail" time="5.039">
    <skipped/>
  </testcase> <!-- loginPagefail -->
  <testcase classname="com.tutorialNinja.functionalTests.Draft" name="loginPagefail" time="6.103">
    <failure type="java.lang.AssertionError" message="expected [Customer] but found [Account Login]">
      <![CDATA[java.lang.AssertionError: expected [Customer] but found [Account Login]
at com.tutorialNinja.functionalTests.Draft.loginPagefail(Draft.java:33)
at java.base/java.util.concurrent.ThreadPoolExecutor.runWorker(ThreadPoolExecutor.java:1136)
at java.base/java.util.concurrent.ThreadPoolExecutor$Worker.run(ThreadPoolExecutor.java:635)
at java.base/java.lang.Thread.run(Thread.java:833)
... Removed 18 stack frames]]>
    </failure>
  </testcase> <!-- loginPagefail -->
  <testcase classname="com.tutorialNinja.functionalTests.R1dot1_TS002_LoginFunctionality" name="r1dot1_TS002_TC002" time="8.833">
    <skipped/>
  </testcase> <!-- r1dot1_TS002_TC002 -->
  <testcase classname="com.tutorialNinja.functionalTests.R1dot1_TS001_RegisterFunctionality" name="r1dot1_TS001_TC028" time="11.191"/>
  <testcase classname="com.tutorialNinja.functionalTests.R1dot1_TS002_LoginFunctionality" name="r1dot1_TS002_TC002" time="7.584">
    <failure type="java.lang.AssertionError" message="expected [true] but found [false]">
      <![CDATA[java.lang.AssertionError: expected [true] but found [false]
at com.tutorialNinja.functionalTests.R1dot1_TS002_LoginFunctionality.r1dot1_TS002_TC002(R1dot1_TS002_LoginFunctionality.java:43)
at java.base/java.util.concurrent.ThreadPoolExecutor.runWorker(ThreadPoolExecutor.java:1136)
at java.base/java.util.concurrent.ThreadPoolExecutor$Worker.run(ThreadPoolExecutor.java:635)
at java.base/java.lang.Thread.run(Thread.java:833)
... Removed 16 stack frames]]>
    </failure>
  </testcase> <!-- r1dot1_TS002_TC002 -->
  <testcase classname="com.tutorialNinja.functionalTests.R1dot1_TS002_LoginFunctionality" name="r1dot1_TS002_TC003" time="7.451">
    <skipped/>
  </testcase> <!-- r1dot1_TS002_TC003 -->
  <testcase classname="com.tutorialNinja.functionalTests.R1dot1_TS002_LoginFunctionality" name="r1dot1_TS002_TC003" time="7.615">
    <skipped/>
  </testcase> <!-- r1dot1_TS002_TC003 -->
  <testcase classname="com.tutorialNinja.functionalTests.R1dot1_TS002_LoginFunctionality" name="r1dot1_TS002_TC003" time="7.367">
    <failure type="java.lang.AssertionError" message="expected [true] but found [false]">
      <![CDATA[java.lang.AssertionError: expected [true] but found [false]
at com.tutorialNinja.functionalTests.R1dot1_TS002_LoginFunctionality.r1dot1_TS002_TC003(R1dot1_TS002_LoginFunctionality.java:58)
at java.base/java.util.concurrent.ThreadPoolExecutor.runWorker(ThreadPoolExecutor.java:1136)
at java.base/java.util.concurrent.ThreadPoolExecutor$Worker.run(ThreadPoolExecutor.java:635)
at java.base/java.lang.Thread.run(Thread.java:833)
... Removed 16 stack frames]]>
    </failure>
  </testcase> <!-- r1dot1_TS002_TC003 -->
  <testcase classname="com.tutorialNinja.functionalTests.R1dot1_TS003_LogoutFunctionality" name="r1dot1_TS003_TC001" time="0.0">
    <ignored/>
  </testcase> <!-- r1dot1_TS003_TC001 -->
  <testcase classname="com.tutorialNinja.functionalTests.R1dot1_TS002_LoginFunctionality" name="r1dot1_TS002_TC001" time="0.0">
    <ignored/>
  </testcase> <!-- r1dot1_TS002_TC001 -->
  <testcase classname="com.tutorialNinja.functionalTests.Draft" name="testHomepageFeaturedProduct" time="0.0">
    <ignored/>
  </testcase> <!-- testHomepageFeaturedProduct -->
  <testcase classname="com.tutorialNinja.functionalTests.Draft" name="testHomePageNav" time="0.0">
    <ignored/>
  </testcase> <!-- testHomePageNav -->
  <testcase classname="com.tutorialNinja.functionalTests.Draft" name="draftfail" time="0.0">
    <ignored/>
  </testcase> <!-- draftfail -->
  <testcase classname="com.tutorialNinja.functionalTests.Draft" name="readExcelDraft" time="0.0">
    <ignored/>
  </testcase> <!-- readExcelDraft -->
  <testcase classname="com.tutorialNinja.functionalTests.R1dot2_TS006_ProductCompareFunctionality" name="r1dot2_TS006_TC001" time="0.0">
    <ignored/>
  </testcase> <!-- r1dot2_TS006_TC001 -->
  <testcase classname="com.tutorialNinja.functionalTests.R1dot1_TS001_RegisterFunctionality" name="r1dot1_TS001_TC001" time="0.0">
    <ignored/>
  </testcase> <!-- r1dot1_TS001_TC001 -->
  <testcase classname="com.tutorialNinja.functionalTests.R1dot2_TS005_ProductSearchFunctionality" name="R1dot2_TS005_TC024" time="0.0">
    <ignored/>
  </testcase> <!-- R1dot2_TS005_TC024 -->
  <testcase classname="com.tutorialNinja.functionalTests.R1dot2_TS005_ProductSearchFunctionality" name="r1dot2_TS005_TC001" time="0.0">
    <ignored/>
  </testcase> <!-- r1dot2_TS005_TC001 -->
  <testcase classname="com.tutorialNinja.functionalTests.R1dot1_TS001_RegisterFunctionality" name="r1dot1_TS001_TC003" time="0.0">
    <ignored/>
  </testcase> <!-- r1dot1_TS001_TC003 -->
  <testcase classname="com.tutorialNinja.functionalTests.R1dot1_TS003_LogoutFunctionality" name="r1dot1_TS003_TC002" time="0.0">
    <ignored/>
  </testcase> <!-- r1dot1_TS003_TC002 -->
  <testcase classname="com.tutorialNinja.functionalTests.R1dot1_TS003_LogoutFunctionality" name="r1dot1_TS003_TC003" time="0.0">
    <ignored/>
  </testcase> <!-- r1dot1_TS003_TC003 -->
</testsuite> <!-- TutorialNinja functional negetive Test -->
