<?xml version="1.0" encoding="UTF-8"?>
<!-- Generated by org.testng.reporters.JUnitXMLReporter -->
<testsuite ignored="17" hostname="NAIM" failures="1" tests="3" name="tutorialNinja functional possitive Test" time="18.829" errors="0" timestamp="2023-09-30T05:19:29 EDT">
  <testcase classname="com.tutorialNinja.functionalTests.Draft" name="draftfail" time="6.972">
    <skipped/>
  </testcase> <!-- draftfail -->
  <testcase classname="com.tutorialNinja.functionalTests.Draft" name="draftfail" time="5.295">
    <skipped/>
  </testcase> <!-- draftfail -->
  <testcase classname="com.tutorialNinja.functionalTests.Draft" name="draftfail" time="5.286">
    <failure type="java.lang.AssertionError" message="expected [true] but found [false]">
      <![CDATA[java.lang.AssertionError: expected [true] but found [false]
at com.tutorialNinja.functionalTests.Draft.draftfail(Draft.java:24)
at java.base/java.util.concurrent.ThreadPoolExecutor.runWorker(ThreadPoolExecutor.java:1136)
at java.base/java.util.concurrent.ThreadPoolExecutor$Worker.run(ThreadPoolExecutor.java:635)
at java.base/java.lang.Thread.run(Thread.java:833)
... Removed 19 stack frames]]>
    </failure>
  </testcase> <!-- draftfail -->
  <testcase classname="com.tutorialNinja.functionalTests.R1dot2_TS006_ProductCompareFunctionality" name="r1dot2_TS006_TC001" time="0.0">
    <ignored/>
  </testcase> <!-- r1dot2_TS006_TC001 -->
  <testcase classname="com.tutorialNinja.functionalTests.R1dot3_TS012_CheckoutFunctionality" name="R1dot3_TS012_TC001" time="0.0">
    <ignored/>
  </testcase> <!-- R1dot3_TS012_TC001 -->
  <testcase classname="com.tutorialNinja.functionalTests.Draft" name="testHomePageNav" time="0.0">
    <ignored/>
  </testcase> <!-- testHomePageNav -->
  <testcase classname="com.tutorialNinja.functionalTests.R1dot1_TS001_RegisterFunctionality" name="r1dot1_TS001_TC003" time="0.0">
    <ignored/>
  </testcase> <!-- r1dot1_TS001_TC003 -->
  <testcase classname="com.tutorialNinja.functionalTests.Draft" name="testHomepageFeaturedProduct" time="0.0">
    <ignored/>
  </testcase> <!-- testHomepageFeaturedProduct -->
  <testcase classname="com.tutorialNinja.functionalTests.R1dot1_TS002_LoginFunctionality" name="r1dot1_TS002_TC001" time="0.0">
    <ignored/>
  </testcase> <!-- r1dot1_TS002_TC001 -->
  <testcase classname="com.tutorialNinja.functionalTests.R1dot1_TS003_LogoutFunctionality" name="r1dot1_TS003_TC001" time="0.0">
    <ignored/>
  </testcase> <!-- r1dot1_TS003_TC001 -->
  <testcase classname="com.tutorialNinja.functionalTests.Draft2" name="velidateLogoText02" time="0.0">
    <ignored/>
  </testcase> <!-- velidateLogoText02 -->
  <testcase classname="com.tutorialNinja.functionalTests.Draft2" name="velidateLogoText" time="0.0">
    <ignored/>
  </testcase> <!-- velidateLogoText -->
  <testcase classname="com.tutorialNinja.functionalTests.R1dot2_TS005_ProductSearchFunctionality" name="R1dot2_TS005_TC024" time="0.0">
    <ignored/>
  </testcase> <!-- R1dot2_TS005_TC024 -->
  <testcase classname="com.tutorialNinja.functionalTests.R1dot1_TS001_RegisterFunctionality" name="r1dot1_TS001_TC001" time="0.0">
    <ignored/>
  </testcase> <!-- r1dot1_TS001_TC001 -->
  <testcase classname="com.tutorialNinja.functionalTests.R1dot1_TS001_RegisterFunctionality" name="r1dot1_TS001_TC028" time="0.0">
    <ignored/>
  </testcase> <!-- r1dot1_TS001_TC028 -->
  <testcase classname="com.tutorialNinja.functionalTests.R1dot2_TS005_ProductSearchFunctionality" name="r1dot2_TS005_TC001" time="0.0">
    <ignored/>
  </testcase> <!-- r1dot2_TS005_TC001 -->
  <testcase classname="com.tutorialNinja.functionalTests.R1dot1_TS001_RegisterFunctionality" name="r1dot1_TS001_TC004" time="0.0">
    <ignored/>
  </testcase> <!-- r1dot1_TS001_TC004 -->
  <testcase classname="com.tutorialNinja.functionalTests.Draft2" name="velidateLogoText01" time="0.0">
    <ignored/>
  </testcase> <!-- velidateLogoText01 -->
  <testcase classname="com.tutorialNinja.functionalTests.Draft" name="loginPagefail" time="0.0">
    <ignored/>
  </testcase> <!-- loginPagefail -->
  <testcase classname="com.tutorialNinja.functionalTests.Draft" name="readExcelDraft" time="0.0">
    <ignored/>
  </testcase> <!-- readExcelDraft -->
</testsuite> <!-- tutorialNinja functional possitive Test -->
