<?xml version="1.0" encoding="UTF-8"?>
<!-- Generated by org.testng.reporters.JUnitXMLReporter -->
<testsuite ignored="4" hostname="NAIM" failures="1" tests="11" name="Tutorial Ninja functional Test" time="46.318" errors="0" timestamp="2023-09-18T02:12:57 EDT">
  <testcase classname="com.tutorialNinja.functionalTests.R1dot2_TS006_ProductCompareFunctionality" name="r1dot2_TS006_TC001" time="5.974">
    <skipped/>
  </testcase> <!-- r1dot2_TS006_TC001 -->
  <testcase classname="com.tutorialNinja.functionalTests.R1dot1_TS002_LoginFunctionality" name="r1dot1_TS002_TC001" time="13.301"/>
  <testcase classname="com.tutorialNinja.functionalTests.R1dot2_TS005_ProductSearchFunctionality" name="r1dot2_TS005_TC001" time="13.576">
    <skipped/>
  </testcase> <!-- r1dot2_TS005_TC001 -->
  <testcase classname="com.tutorialNinja.functionalTests.R1dot2_TS006_ProductCompareFunctionality" name="r1dot2_TS006_TC001" time="9.724"/>
  <testcase classname="com.tutorialNinja.functionalTests.R1dot1_TS001_RegisterFunctionality" name="r1dot1_TS001_TC001" time="16.684"/>
  <testcase classname="com.tutorialNinja.functionalTests.R1dot2_TS005_ProductSearchFunctionality" name="r1dot2_TS005_TC001" time="7.373">
    <skipped/>
  </testcase> <!-- r1dot2_TS005_TC001 -->
  <testcase classname="com.tutorialNinja.functionalTests.R1dot1_TS003_LogoutFunctionality" name="r1dot1_TS003_TC001" time="25.404"/>
  <testcase classname="com.tutorialNinja.functionalTests.R1dot1_TS001_RegisterFunctionality" name="r1dot1_TS001_TC003" time="10.339"/>
  <testcase classname="com.tutorialNinja.functionalTests.R1dot2_TS005_ProductSearchFunctionality" name="r1dot2_TS005_TC001" time="7.279">
    <failure type="java.lang.AssertionError" message="expected [apple MacBook] but found [Search - Mac]">
      <![CDATA[java.lang.AssertionError: expected [apple MacBook] but found [Search - Mac]
at com.tutorialNinja.functionalTests.R1dot2_TS005_ProductSearchFunctionality.r1dot2_TS005_TC001(R1dot2_TS005_ProductSearchFunctionality.java:23)
at java.base/java.util.concurrent.ThreadPoolExecutor.runWorker(ThreadPoolExecutor.java:1136)
at java.base/java.util.concurrent.ThreadPoolExecutor$Worker.run(ThreadPoolExecutor.java:635)
at java.base/java.lang.Thread.run(Thread.java:833)
... Removed 18 stack frames]]>
    </failure>
  </testcase> <!-- r1dot2_TS005_TC001 -->
  <testcase classname="com.tutorialNinja.functionalTests.R1dot1_TS001_RegisterFunctionality" name="r1dot1_TS001_TC004" time="8.52"/>
  <testcase classname="com.tutorialNinja.functionalTests.R1dot1_TS001_RegisterFunctionality" name="r1dot1_TS001_TC028" time="9.895"/>
  <testcase classname="com.tutorialNinja.base.InitialComponents" name="@BeforeSuite cleanTestsBed" time="0.0">
    <ignored/>
  </testcase> <!-- @BeforeSuite cleanTestsBed -->
  <testcase classname="com.tutorialNinja.base.InitialComponents" name="@BeforeSuite cleanTestsBed" time="0.0">
    <ignored/>
  </testcase> <!-- @BeforeSuite cleanTestsBed -->
  <testcase classname="com.tutorialNinja.base.InitialComponents" name="@BeforeSuite cleanTestsBed" time="0.0">
    <ignored/>
  </testcase> <!-- @BeforeSuite cleanTestsBed -->
  <testcase classname="com.tutorialNinja.base.InitialComponents" name="@BeforeSuite cleanTestsBed" time="0.0">
    <ignored/>
  </testcase> <!-- @BeforeSuite cleanTestsBed -->
</testsuite> <!-- Tutorial Ninja functional Test -->
