<?xml version="1.0" encoding="UTF-8"?>
<!-- Generated by org.testng.reporters.JUnitXMLReporter -->
<testsuite ignored="3" hostname="NAIM" failures="0" tests="8" name="Tutorial Ninja functional Smoke Test" time="48.8" errors="0" timestamp="2023-09-26T04:44:14 EDT">
  <testcase classname="com.tutorialNinja.functionalTests.R1dot1_TS002_LoginFunctionality" name="r1dot1_TS002_TC001" time="14.054"/>
  <testcase classname="com.tutorialNinja.functionalTests.R1dot2_TS005_ProductSearchFunctionality" name="r1dot2_TS005_TC001" time="14.254"/>
  <testcase classname="com.tutorialNinja.functionalTests.R1dot2_TS006_ProductCompareFunctionality" name="r1dot2_TS006_TC001" time="14.451"/>
  <testcase classname="com.tutorialNinja.functionalTests.R1dot1_TS001_RegisterFunctionality" name="r1dot1_TS001_TC001" time="16.935"/>
  <testcase classname="com.tutorialNinja.functionalTests.R1dot1_TS003_LogoutFunctionality" name="r1dot1_TS003_TC001" time="20.979"/>
  <testcase classname="com.tutorialNinja.functionalTests.R1dot1_TS001_RegisterFunctionality" name="r1dot1_TS001_TC003" time="11.229"/>
  <testcase classname="com.tutorialNinja.functionalTests.R1dot1_TS001_RegisterFunctionality" name="r1dot1_TS001_TC004" time="9.173"/>
  <testcase classname="com.tutorialNinja.functionalTests.R1dot1_TS001_RegisterFunctionality" name="r1dot1_TS001_TC028" time="10.387"/>
  <testcase classname="com.tutorialNinja.functionalTests.Draft" name="draftfail" time="0.0">
    <ignored/>
  </testcase> <!-- draftfail -->
  <testcase classname="com.tutorialNinja.functionalTests.Draft" name="readExcelDraft" time="0.0">
    <ignored/>
  </testcase> <!-- readExcelDraft -->
  <testcase classname="com.tutorialNinja.functionalTests.Draft" name="liginPagefail" time="0.0">
    <ignored/>
  </testcase> <!-- liginPagefail -->
</testsuite> <!-- Tutorial Ninja functional Smoke Test -->
