<?xml version="1.0" encoding="UTF-8"?>
<!-- Generated by org.testng.reporters.JUnitXMLReporter -->
<testsuite ignored="1" hostname="NAIM" failures="0" tests="7" name="Test" time="46.31" errors="0" timestamp="2023-09-14T02:02:43 EDT">
  <testcase classname="com.tutorialNinja.functionalTests.Draft" name="velidateLogoText" time="9.811"/>
  <testcase classname="com.tutorialNinja.functionalTests.R1dot1_TS_001_RegisterFunctionality" name="R1dot1_TS_001_TC_RF_001" time="14.095"/>
  <testcase classname="com.tutorialNinja.functionalTests.Draft" name="velidateLogoText01" time="8.489"/>
  <testcase classname="com.tutorialNinja.functionalTests.Draft" name="velidateLogoText02" time="0.056"/>
  <testcase classname="com.tutorialNinja.functionalTests.R1dot1_TS_001_RegisterFunctionality" name="R1dot1_TS_001_TC_RF_003" time="12.884"/>
  <testcase classname="com.tutorialNinja.functionalTests.R1dot1_TS_001_RegisterFunctionality" name="R1dot1_TS_001_TC_RF_004" time="8.292"/>
  <testcase classname="com.tutorialNinja.functionalTests.R1dot1_TS_001_RegisterFunctionality" name="R1dot1_TS_001_TC_RF_027" time="10.259"/>
  <testcase classname="com.tutorialNinja.base.InitialComponents" name="@BeforeSuite cleanTestsBed" time="0.0">
    <ignored/>
  </testcase> <!-- @BeforeSuite cleanTestsBed -->
</testsuite> <!-- Test -->
