<?xml version="1.0" encoding="UTF-8"?>
<testng-results ignored="0" total="7" passed="7" failed="0" skipped="0">
  <reporter-output>
  </reporter-output>
  <suite started-at="2023-09-14T02:01:56 EDT" name="Suite" finished-at="2023-09-14T02:02:43 EDT" duration-ms="46310">
    <groups>
      <group name="SmokeTest">
        <method signature="R1dot1_TS_001_RegisterFunctionality.R1dot1_TS_001_TC_RF_001()[pri:1, instance:com.tutorialNinja.functionalTests.R1dot1_TS_001_RegisterFunctionality@6e171cd7]" name="R1dot1_TS_001_TC_RF_001" class="com.tutorialNinja.functionalTests.R1dot1_TS_001_RegisterFunctionality"/>
        <method signature="R1dot1_TS_001_RegisterFunctionality.R1dot1_TS_001_TC_RF_003()[pri:3, instance:com.tutorialNinja.functionalTests.R1dot1_TS_001_RegisterFunctionality@6e171cd7]" name="R1dot1_TS_001_TC_RF_003" class="com.tutorialNinja.functionalTests.R1dot1_TS_001_RegisterFunctionality"/>
        <method signature="R1dot1_TS_001_RegisterFunctionality.R1dot1_TS_001_TC_RF_004()[pri:4, instance:com.tutorialNinja.functionalTests.R1dot1_TS_001_RegisterFunctionality@6e171cd7]" name="R1dot1_TS_001_TC_RF_004" class="com.tutorialNinja.functionalTests.R1dot1_TS_001_RegisterFunctionality"/>
      </group> <!-- SmokeTest -->
      <group name="NegetiveTest">
        <method signature="R1dot1_TS_001_RegisterFunctionality.R1dot1_TS_001_TC_RF_027()[pri:27, instance:com.tutorialNinja.functionalTests.R1dot1_TS_001_RegisterFunctionality@6e171cd7]" name="R1dot1_TS_001_TC_RF_027" class="com.tutorialNinja.functionalTests.R1dot1_TS_001_RegisterFunctionality"/>
      </group> <!-- NegetiveTest -->
    </groups>
    <test started-at="2023-09-14T02:01:56 EDT" name="Test" finished-at="2023-09-14T02:02:43 EDT" duration-ms="46310">
      <class name="com.tutorialNinja.functionalTests.Draft">
        <test-method is-config="true" signature="cleanTestsBed()[pri:0, instance:com.tutorialNinja.functionalTests.Draft@72057ecf]" started-at="2023-09-14T02:01:56 EDT" name="cleanTestsBed" finished-at="2023-09-14T02:01:56 EDT" duration-ms="17" status="PASS">
          <reporter-output>
          </reporter-output>
        </test-method> <!-- cleanTestsBed -->
        <test-method signature="velidateLogoText()[pri:0, instance:com.tutorialNinja.functionalTests.Draft@72057ecf]" started-at="2023-09-14T02:01:56 EDT" name="velidateLogoText" finished-at="2023-09-14T02:02:06 EDT" duration-ms="9811" status="PASS">
          <reporter-output>
          </reporter-output>
        </test-method> <!-- velidateLogoText -->
        <test-method is-config="true" signature="quitDriver()[pri:0, instance:com.tutorialNinja.functionalTests.Draft@72057ecf]" started-at="2023-09-14T02:02:06 EDT" name="quitDriver" finished-at="2023-09-14T02:02:06 EDT" duration-ms="213" status="PASS">
          <reporter-output>
          </reporter-output>
        </test-method> <!-- quitDriver -->
        <test-method signature="velidateLogoText01()[pri:0, instance:com.tutorialNinja.functionalTests.Draft@72057ecf]" started-at="2023-09-14T02:02:06 EDT" name="velidateLogoText01" finished-at="2023-09-14T02:02:15 EDT" duration-ms="8489" status="PASS">
          <reporter-output>
          </reporter-output>
        </test-method> <!-- velidateLogoText01 -->
        <test-method is-config="true" signature="quitDriver()[pri:0, instance:com.tutorialNinja.functionalTests.Draft@72057ecf]" started-at="2023-09-14T02:02:15 EDT" name="quitDriver" finished-at="2023-09-14T02:02:15 EDT" duration-ms="176" status="PASS">
          <reporter-output>
          </reporter-output>
        </test-method> <!-- quitDriver -->
        <test-method signature="velidateLogoText02()[pri:0, instance:com.tutorialNinja.functionalTests.Draft@72057ecf]" started-at="2023-09-14T02:02:15 EDT" name="velidateLogoText02" finished-at="2023-09-14T02:02:15 EDT" duration-ms="56" status="PASS">
          <reporter-output>
          </reporter-output>
        </test-method> <!-- velidateLogoText02 -->
        <test-method is-config="true" signature="quitDriver()[pri:0, instance:com.tutorialNinja.functionalTests.Draft@72057ecf]" started-at="2023-09-14T02:02:15 EDT" name="quitDriver" finished-at="2023-09-14T02:02:15 EDT" duration-ms="1" status="PASS">
          <reporter-output>
          </reporter-output>
        </test-method> <!-- quitDriver -->
      </class> <!-- com.tutorialNinja.functionalTests.Draft -->
      <class name="com.tutorialNinja.functionalTests.R1dot1_TS_001_RegisterFunctionality">
        <test-method signature="R1dot1_TS_001_TC_RF_001()[pri:1, instance:com.tutorialNinja.functionalTests.R1dot1_TS_001_RegisterFunctionality@6e171cd7]" started-at="2023-09-14T02:01:56 EDT" name="R1dot1_TS_001_TC_RF_001" description="R1.1_TS_001_TC_RF_001 As a user I should be able to Register an Account by providing only the Mandatory fields" finished-at="2023-09-14T02:02:10 EDT" duration-ms="14095" status="PASS">
          <reporter-output>
          </reporter-output>
        </test-method> <!-- R1dot1_TS_001_TC_RF_001 -->
        <test-method is-config="true" signature="quitDriver()[pri:0, instance:com.tutorialNinja.functionalTests.R1dot1_TS_001_RegisterFunctionality@6e171cd7]" started-at="2023-09-14T02:02:10 EDT" name="quitDriver" finished-at="2023-09-14T02:02:11 EDT" duration-ms="139" status="PASS">
          <reporter-output>
          </reporter-output>
        </test-method> <!-- quitDriver -->
        <test-method signature="R1dot1_TS_001_TC_RF_003()[pri:3, instance:com.tutorialNinja.functionalTests.R1dot1_TS_001_RegisterFunctionality@6e171cd7]" started-at="2023-09-14T02:02:11 EDT" name="R1dot1_TS_001_TC_RF_003" description="R1.1_TS_001_TC_RF_003 Verify Registering an Account by providing all the fields" finished-at="2023-09-14T02:02:23 EDT" duration-ms="12884" status="PASS">
          <reporter-output>
          </reporter-output>
        </test-method> <!-- R1dot1_TS_001_TC_RF_003 -->
        <test-method is-config="true" signature="quitDriver()[pri:0, instance:com.tutorialNinja.functionalTests.R1dot1_TS_001_RegisterFunctionality@6e171cd7]" started-at="2023-09-14T02:02:23 EDT" name="quitDriver" finished-at="2023-09-14T02:02:24 EDT" duration-ms="189" status="PASS">
          <reporter-output>
          </reporter-output>
        </test-method> <!-- quitDriver -->
        <test-method signature="R1dot1_TS_001_TC_RF_004()[pri:4, instance:com.tutorialNinja.functionalTests.R1dot1_TS_001_RegisterFunctionality@6e171cd7]" started-at="2023-09-14T02:02:24 EDT" name="R1dot1_TS_001_TC_RF_004" description="R1.1_TS_001_TC_RF_004 Verify proper error messages are displayed for the mandatory fields, when you don&#039;t provide any fields in the &#039;Register Account&#039; page and submit" finished-at="2023-09-14T02:02:32 EDT" duration-ms="8292" status="PASS">
          <reporter-output>
          </reporter-output>
        </test-method> <!-- R1dot1_TS_001_TC_RF_004 -->
        <test-method is-config="true" signature="quitDriver()[pri:0, instance:com.tutorialNinja.functionalTests.R1dot1_TS_001_RegisterFunctionality@6e171cd7]" started-at="2023-09-14T02:02:32 EDT" name="quitDriver" finished-at="2023-09-14T02:02:32 EDT" duration-ms="189" status="PASS">
          <reporter-output>
          </reporter-output>
        </test-method> <!-- quitDriver -->
        <test-method signature="R1dot1_TS_001_TC_RF_027()[pri:27, instance:com.tutorialNinja.functionalTests.R1dot1_TS_001_RegisterFunctionality@6e171cd7]" started-at="2023-09-14T02:02:32 EDT" name="R1dot1_TS_001_TC_RF_027" description="1.1_TS_001_TC_RF_027 Verify the application throws proper error message when user click continue button without selecting privacy and policy check box." finished-at="2023-09-14T02:02:42 EDT" duration-ms="10259" status="PASS">
          <reporter-output>
          </reporter-output>
        </test-method> <!-- R1dot1_TS_001_TC_RF_027 -->
        <test-method is-config="true" signature="quitDriver()[pri:0, instance:com.tutorialNinja.functionalTests.R1dot1_TS_001_RegisterFunctionality@6e171cd7]" started-at="2023-09-14T02:02:42 EDT" name="quitDriver" finished-at="2023-09-14T02:02:43 EDT" duration-ms="189" status="PASS">
          <reporter-output>
          </reporter-output>
        </test-method> <!-- quitDriver -->
      </class> <!-- com.tutorialNinja.functionalTests.R1dot1_TS_001_RegisterFunctionality -->
    </test> <!-- Test -->
  </suite> <!-- Suite -->
</testng-results>
