<?xml version="1.0" encoding="UTF-8"?>
<testng-results ignored="0" total="9" passed="9" failed="0" skipped="0">
  <reporter-output>
  </reporter-output>
  <suite started-at="2023-09-16T05:33:01 EDT" name="Suite" finished-at="2023-09-16T05:33:52 EDT" duration-ms="50326">
    <groups>
      <group name="SmokeTest">
        <method signature="R1dot1_TS001_RegisterFunctionality.r1dot1_TS001_TC001()[pri:1, instance:com.tutorialNinja.functionalTests.R1dot1_TS001_RegisterFunctionality@32eff876]" name="r1dot1_TS001_TC001" class="com.tutorialNinja.functionalTests.R1dot1_TS001_RegisterFunctionality"/>
        <method signature="R1dot1_TS001_RegisterFunctionality.r1dot1_TS001_TC003()[pri:3, instance:com.tutorialNinja.functionalTests.R1dot1_TS001_RegisterFunctionality@32eff876]" name="r1dot1_TS001_TC003" class="com.tutorialNinja.functionalTests.R1dot1_TS001_RegisterFunctionality"/>
        <method signature="R1dot1_TS001_RegisterFunctionality.r1dot1_TS001_TC004()[pri:4, instance:com.tutorialNinja.functionalTests.R1dot1_TS001_RegisterFunctionality@32eff876]" name="r1dot1_TS001_TC004" class="com.tutorialNinja.functionalTests.R1dot1_TS001_RegisterFunctionality"/>
      </group> <!-- SmokeTest -->
      <group name="NegetiveTest">
        <method signature="R1dot1_TS001_RegisterFunctionality.r1dot1_TS001_TC028()[pri:28, instance:com.tutorialNinja.functionalTests.R1dot1_TS001_RegisterFunctionality@32eff876]" name="r1dot1_TS001_TC028" class="com.tutorialNinja.functionalTests.R1dot1_TS001_RegisterFunctionality"/>
      </group> <!-- NegetiveTest -->
    </groups>
    <test started-at="2023-09-16T05:33:01 EDT" name="Tutorial Ninja functional Test" finished-at="2023-09-16T05:33:52 EDT" duration-ms="50326">
      <class name="com.tutorialNinja.functionalTests.R1dot1_TS003_LogoutFunctionality">
        <test-method signature="r1dot1_TS003_TC001()[pri:0, instance:com.tutorialNinja.functionalTests.R1dot1_TS003_LogoutFunctionality@6e20b53a]" started-at="2023-09-16T05:33:01 EDT" name="r1dot1_TS003_TC001" description="R1.1_TS003_TC001 Verify Logging out by selecting Logout option from &#039;My Account&#039; drop menu" finished-at="2023-09-16T05:33:30 EDT" duration-ms="29004" status="PASS">
          <reporter-output>
          </reporter-output>
        </test-method> <!-- r1dot1_TS003_TC001 -->
        <test-method is-config="true" signature="quitDriver()[pri:0, instance:com.tutorialNinja.functionalTests.R1dot1_TS003_LogoutFunctionality@6e20b53a]" started-at="2023-09-16T05:33:30 EDT" name="quitDriver" finished-at="2023-09-16T05:33:31 EDT" duration-ms="130" status="PASS">
          <reporter-output>
          </reporter-output>
        </test-method> <!-- quitDriver -->
      </class> <!-- com.tutorialNinja.functionalTests.R1dot1_TS003_LogoutFunctionality -->
      <class name="com.tutorialNinja.functionalTests.Draft">
        <test-method is-config="true" signature="cleanTestsBed()[pri:0, instance:com.tutorialNinja.functionalTests.Draft@52e6fdee]" started-at="2023-09-16T05:33:01 EDT" name="cleanTestsBed" finished-at="2023-09-16T05:33:01 EDT" duration-ms="18" status="PASS">
          <reporter-output>
          </reporter-output>
        </test-method> <!-- cleanTestsBed -->
        <test-method signature="velidateLogoText()[pri:0, instance:com.tutorialNinja.functionalTests.Draft@52e6fdee]" started-at="2023-09-16T05:33:01 EDT" name="velidateLogoText" finished-at="2023-09-16T05:33:27 EDT" duration-ms="25128" status="PASS">
          <reporter-output>
          </reporter-output>
        </test-method> <!-- velidateLogoText -->
        <test-method is-config="true" signature="quitDriver()[pri:0, instance:com.tutorialNinja.functionalTests.Draft@52e6fdee]" started-at="2023-09-16T05:33:27 EDT" name="quitDriver" finished-at="2023-09-16T05:33:27 EDT" duration-ms="188" status="PASS">
          <reporter-output>
          </reporter-output>
        </test-method> <!-- quitDriver -->
        <test-method signature="velidateLogoText01()[pri:0, instance:com.tutorialNinja.functionalTests.Draft@52e6fdee]" started-at="2023-09-16T05:33:27 EDT" name="velidateLogoText01" finished-at="2023-09-16T05:33:34 EDT" duration-ms="7124" status="PASS">
          <reporter-output>
          </reporter-output>
        </test-method> <!-- velidateLogoText01 -->
        <test-method is-config="true" signature="quitDriver()[pri:0, instance:com.tutorialNinja.functionalTests.Draft@52e6fdee]" started-at="2023-09-16T05:33:34 EDT" name="quitDriver" finished-at="2023-09-16T05:33:34 EDT" duration-ms="147" status="PASS">
          <reporter-output>
          </reporter-output>
        </test-method> <!-- quitDriver -->
        <test-method signature="velidateLogoText02()[pri:0, instance:com.tutorialNinja.functionalTests.Draft@52e6fdee]" started-at="2023-09-16T05:33:34 EDT" name="velidateLogoText02" finished-at="2023-09-16T05:33:52 EDT" duration-ms="17498" status="PASS">
          <reporter-output>
          </reporter-output>
        </test-method> <!-- velidateLogoText02 -->
        <test-method is-config="true" signature="quitDriver()[pri:0, instance:com.tutorialNinja.functionalTests.Draft@52e6fdee]" started-at="2023-09-16T05:33:52 EDT" name="quitDriver" finished-at="2023-09-16T05:33:52 EDT" duration-ms="191" status="PASS">
          <reporter-output>
          </reporter-output>
        </test-method> <!-- quitDriver -->
      </class> <!-- com.tutorialNinja.functionalTests.Draft -->
      <class name="com.tutorialNinja.functionalTests.R1dot1_TS002_LoginFunctionality">
        <test-method signature="r1dot1_TS002_TC001()[pri:0, instance:com.tutorialNinja.functionalTests.R1dot1_TS002_LoginFunctionality@8dbdac1]" started-at="2023-09-16T05:33:01 EDT" name="r1dot1_TS002_TC001" description="R1.1_TS002_TC001 Verify logging into the Application using valid credentials" finished-at="2023-09-16T05:33:18 EDT" duration-ms="16753" status="PASS">
          <reporter-output>
          </reporter-output>
        </test-method> <!-- r1dot1_TS002_TC001 -->
        <test-method is-config="true" signature="quitDriver()[pri:0, instance:com.tutorialNinja.functionalTests.R1dot1_TS002_LoginFunctionality@8dbdac1]" started-at="2023-09-16T05:33:18 EDT" name="quitDriver" finished-at="2023-09-16T05:33:18 EDT" duration-ms="252" status="PASS">
          <reporter-output>
          </reporter-output>
        </test-method> <!-- quitDriver -->
      </class> <!-- com.tutorialNinja.functionalTests.R1dot1_TS002_LoginFunctionality -->
      <class name="com.tutorialNinja.functionalTests.R1dot1_TS001_RegisterFunctionality">
        <test-method signature="r1dot1_TS001_TC001()[pri:1, instance:com.tutorialNinja.functionalTests.R1dot1_TS001_RegisterFunctionality@32eff876]" started-at="2023-09-16T05:33:01 EDT" name="r1dot1_TS001_TC001" description="R1.1_TS001_TC001 As a user I should be able to Register an Account by providing only the Mandatory fields" finished-at="2023-09-16T05:33:19 EDT" duration-ms="18009" status="PASS">
          <reporter-output>
          </reporter-output>
        </test-method> <!-- r1dot1_TS001_TC001 -->
        <test-method is-config="true" signature="quitDriver()[pri:0, instance:com.tutorialNinja.functionalTests.R1dot1_TS001_RegisterFunctionality@32eff876]" started-at="2023-09-16T05:33:19 EDT" name="quitDriver" finished-at="2023-09-16T05:33:20 EDT" duration-ms="193" status="PASS">
          <reporter-output>
          </reporter-output>
        </test-method> <!-- quitDriver -->
        <test-method signature="r1dot1_TS001_TC003()[pri:3, instance:com.tutorialNinja.functionalTests.R1dot1_TS001_RegisterFunctionality@32eff876]" started-at="2023-09-16T05:33:20 EDT" name="r1dot1_TS001_TC003" description="R1.1_TS001_TC003 Verify Registering an Account by providing all the fields" finished-at="2023-09-16T05:33:31 EDT" duration-ms="11103" status="PASS">
          <reporter-output>
          </reporter-output>
        </test-method> <!-- r1dot1_TS001_TC003 -->
        <test-method is-config="true" signature="quitDriver()[pri:0, instance:com.tutorialNinja.functionalTests.R1dot1_TS001_RegisterFunctionality@32eff876]" started-at="2023-09-16T05:33:31 EDT" name="quitDriver" finished-at="2023-09-16T05:33:31 EDT" duration-ms="193" status="PASS">
          <reporter-output>
          </reporter-output>
        </test-method> <!-- quitDriver -->
        <test-method signature="r1dot1_TS001_TC004()[pri:4, instance:com.tutorialNinja.functionalTests.R1dot1_TS001_RegisterFunctionality@32eff876]" started-at="2023-09-16T05:33:31 EDT" name="r1dot1_TS001_TC004" description="R1.1_TS001_TC004 Verify proper error messages are displayed for the mandatory fields, when you don&#039;t provide any fields in the &#039;Register Account&#039; page and submit" finished-at="2023-09-16T05:33:41 EDT" duration-ms="10093" status="PASS">
          <reporter-output>
          </reporter-output>
        </test-method> <!-- r1dot1_TS001_TC004 -->
        <test-method is-config="true" signature="quitDriver()[pri:0, instance:com.tutorialNinja.functionalTests.R1dot1_TS001_RegisterFunctionality@32eff876]" started-at="2023-09-16T05:33:41 EDT" name="quitDriver" finished-at="2023-09-16T05:33:41 EDT" duration-ms="143" status="PASS">
          <reporter-output>
          </reporter-output>
        </test-method> <!-- quitDriver -->
        <test-method signature="r1dot1_TS001_TC028()[pri:28, instance:com.tutorialNinja.functionalTests.R1dot1_TS001_RegisterFunctionality@32eff876]" started-at="2023-09-16T05:33:41 EDT" name="r1dot1_TS001_TC028" description="R1.1_TS001_TC028 Verify the application throws proper error message when user click continue button without selecting privacy and policy check box." finished-at="2023-09-16T05:33:51 EDT" duration-ms="10178" status="PASS">
          <reporter-output>
          </reporter-output>
        </test-method> <!-- r1dot1_TS001_TC028 -->
        <test-method is-config="true" signature="quitDriver()[pri:0, instance:com.tutorialNinja.functionalTests.R1dot1_TS001_RegisterFunctionality@32eff876]" started-at="2023-09-16T05:33:51 EDT" name="quitDriver" finished-at="2023-09-16T05:33:52 EDT" duration-ms="145" status="PASS">
          <reporter-output>
          </reporter-output>
        </test-method> <!-- quitDriver -->
      </class> <!-- com.tutorialNinja.functionalTests.R1dot1_TS001_RegisterFunctionality -->
    </test> <!-- Tutorial Ninja functional Test -->
  </suite> <!-- Suite -->
</testng-results>
