<?xml version="1.0" encoding="UTF-8"?>
<testng-results ignored="0" total="1" passed="1" failed="0" skipped="0">
  <reporter-output>
  </reporter-output>
  <suite started-at="2023-09-06T22:37:55 EDT" name="Default suite" finished-at="2023-09-06T22:38:02 EDT" duration-ms="7396">
    <groups>
    </groups>
    <test started-at="2023-09-06T22:37:55 EDT" name="Default test" finished-at="2023-09-06T22:38:02 EDT" duration-ms="7396">
      <class name="com.tutorialNinja.functionalTests.Draft">
        <test-method is-config="true" signature="cleanTestsBed()[pri:0, instance:com.tutorialNinja.functionalTests.Draft@217ed35e]" started-at="2023-09-06T22:37:55 EDT" name="cleanTestsBed" finished-at="2023-09-06T22:37:55 EDT" duration-ms="42" status="PASS">
          <reporter-output>
          </reporter-output>
        </test-method> <!-- cleanTestsBed -->
        <test-method signature="test()[pri:0, instance:com.tutorialNinja.functionalTests.Draft@217ed35e]" started-at="2023-09-06T22:37:55 EDT" name="test" finished-at="2023-09-06T22:38:02 EDT" duration-ms="7123" status="PASS">
          <reporter-output>
          </reporter-output>
        </test-method> <!-- test -->
        <test-method is-config="true" signature="quitDriver()[pri:0, instance:com.tutorialNinja.functionalTests.Draft@217ed35e]" started-at="2023-09-06T22:38:02 EDT" name="quitDriver" finished-at="2023-09-06T22:38:02 EDT" duration-ms="185" status="PASS">
          <reporter-output>
          </reporter-output>
        </test-method> <!-- quitDriver -->
      </class> <!-- com.tutorialNinja.functionalTests.Draft -->
    </test> <!-- Default test -->
  </suite> <!-- Default suite -->
</testng-results>
